3 25 189 225
2 216 149
2 282 129
3 201 35 254
3 219 18 41
3 223 40 246
3 296 123 184
3 156 298 247
3 106 297 130
3 265 113 274
3 256 74 29
3 13 39 88
2 257 47
3 43 236 255
3 50 287 232
3 258 72 230
3 75 150 195
3 196 125 147
3 243 81 172
3 89 269 286
4 15 159 182 191
3 16 124 4
3 152 133 8
2 80 69
3 141 238 64
2 213 52
3 67 62 132
2 285 108
3 295 60 109
4 148 177 31 38
3 103 174 110
3 214 92 192
3 1 79 55
4 161 107 20 169
3 224 273 186
3 116 139 45
2 112 262
3 114 58 7
3 121 217 117
3 83 6 99
3 249 145 268
3 289 277 270
2 271 90
3 12 227 9
4 288 178 168 66
2 11 84
3 48 200 183
3 155 91 173
3 233 281 253
3 259 176 65
2 63 239
4 119 97 128 267
3 42 2 17
2 10 167
3 127 190 87
3 54 171 263
4 21 14 194 175
4 140 162 30 187
3 154 209 229
4 85 102 279 231
3 207 266 51
3 98 237 165
4 27 197 28 24
3 73 71 100
3 260 105 86
3 203 153 264
3 135 144 278
3 242 78 220
3 101 82 199
4 272 138 210 115
3 111 202 122
3 170 142 188
3 126 136 275
3 143 250 166
3 276 158 3
4 95 19 163 34
4 290 146 77 134
3 96 157 193
3 206 70 120
3 293 5 46
3 49 164 179
3 180 215 22
3 94 37 56
3 131 23 53
3 244 240 211
3 205 198 280
3 284 218 36
3 245 248 291
3 151 61 299
2 212 44
3 59 160 251
3 0 292 26
3 68 252 234
3 204 32 118
3 226 137 93
2 181 57
3 104 283 222
4 208 228 235 221
3 294 241 261
3 185 76 33
