48 2492 1610 3726 6686 9636 1 1635 2811 6316 128 7200 1934 7763 992 1165 6494 1006 5321 516 5640 5632 2996 5175 9278 3638 2306 4547 7569 5235 4291 9451 1043 8450 5534 2568 6708 3225 9465 6403 3784 5392 7102 6528 5546 5255 4157 2758 9747
48 1248 933 101 3742 3276 7762 2911 9381 8180 9253 9115 9257 7778 6582 284 3407 9069 3377 1568 1000 6012 6667 1017 8752 2127 5326 8956 681 5977 9232 5851 4058 736 2981 9854 7632 6657 4032 4445 759 3242 896 3777 8470 3289 3980 3326 4311
43 9835 539 9132 9307 7554 4928 9213 9698 4200 9888 1229 1140 8731 8529 8343 5580 9096 2787 4533 8906 347 7178 7305 4034 9703 6114 6208 249 4268 3188 4915 6777 3417 431 47 117 488 222 5433 1549 6674 4863 6439
43 3099 9175 3141 4672 6789 6228 5346 4969 7197 6263 6923 8394 4858 1741 4899 9204 2933 9246 5079 6297 7815 3754 8488 8570 5728 8742 354 292 213 493 6369 9141 8545 8729 5636 8954 5793 523 9942 9329 2247 4802 5706
47 9615 2213 2176 9466 9460 2664 3273 6093 945 1030 9704 706 8010 4931 2532 4255 9845 6210 2639 5736 2231 6090 8833 8845 6898 5428 8611 7879 8101 201 2394 8438 9537 7670 8491 9538 6065 6184 1919 8493 6459 5363 7856 5287 2466 4873 7996
45 1533 3838 7066 9978 467 8805 747 1422 1375 880 7583 5620 70 4402 7745 6077 9041 6567 9201 7453 1027 3618 7613 7116 109 3497 7906 9167 7801 6646 7528 4719 9055 6400 1830 1586 9467 5522 2001 7466 7566 7372 4600 9745 4215
44 3729 7319 1629 7270 2919 4307 4714 8126 7656 5591 6727 3121 737 8133 3741 1231 8804 4016 4564 8550 6237 7505 959 6607 9998 1692 6749 2712 3375 3335 267 2557 6977 9025 9685 2390 511 7790 9330 82 3530 4498 1064 5028
45 5071 4930 7154 5300 4381 5132 760 4799 3041 1953 246 5781 2042 3664 9517 9448 2906 5644 9452 4521 4041 3194 505 132 3721 8602 8340 5216 905 9019 588 6039 3974 9289 3836 2260 3653 1090 4746 6570 8144 5307 3167 6867 7733
47 572 3183 5947 3757 4258 3509 2290 7538 1411 9420 6830 2958 9550 2707 8220 7129 5474 4883 9546 363 6457 7937 9344 745 3822 5491 6845 8897 879 2258 7751 9870 209 7700 9606 8169 1603 633 1044 1015 8825 9563 6444 5462 2167 6585 6961
44 2650 336 6066 7780 8624 3794 3261 7775 4375 8196 960 3355 8331 4332 2073 8721 2850 1608 5078 7713 4970 4692 6639 699 4704 6698 8240 4273 6571 8886 544 1065 5990 7854 3703 6884 3500 6959 2265 2349 2429 835 6960 669
43 696 7068 3692 8697 2478 1392 1495 8293 5583 6383 194 6392 8605 366 921 3875 8812 8500 521 3132 7236 3103 3686 976 8473 8381 5698 5603 4203 6310 8769 4890 7182 253 6431 5782 6877 8666 6559 4031 4334 6947 5477
43 8521 5502 9000 1345 4271 6393 2456 7067 7784 9391 4393 1054 335 894 3895 4213 8061 2000 2978 9097 1035 2885 8162 7110 8792 5057 3023 2419 7655 9018 1626 3886 6259 4256 7609 9650 608 8187 6592 4443 9397 6343 265
46 7830 2578 2088 6695 5443 2715 6865 3714 3021 6655 3872 4489 4531 5104 6022 130 774 714 8135 4254 8329 4009 3634 4913 4891 1576 4855 5305 7053 9993 5194 5570 8862 6715 3155 5162 9139 3940 5708 6621 7435 7721 6692 169 4086 5550
48 1954 2499 6260 710 7148 4196 8830 4661 2476 9887 2155 299 4880 9494 1396 1729 7477 6234 4460 2757 7141 4770 8957 4681 5136 7070 3163 5549 8250 91 4267 1703 2957 8261 2809 5768 2879 3771 2948 4411 2887 2877 1095 8806 6001 900 5527 7741
47 5850 2013 2307 6398 2636 5189 8102 3025 8507 7765 447 2554 4181 6861 9690 3442 7710 7269 7970 6016 3540 50 2659 63 193 328 6453 9337 6515 2626 4590 4657 4758 2670 8014 5109 260 2228 3091 6802 2380 592 384 6466 9109 6338 2944
48 7902 1010 89 2686 2404 243 923 2585 4135 8298 8043 167 7291 5531 338 4588 2556 3415 5231 1081 9611 8499 2077 4771 1828 7592 3760 4640 7651 6610 725 4327 2252 6784 5230 6043 3474 9752 6799 7091 5729 9812 1476 3734 2789 2571 5152 4576
44 9199 5840 7254 6371 6261 5684 9071 4362 8560 6102 8988 9 977 1816 1515 4716 6037 3353 8176 4115 4253 4966 185 5414 9725 3 7460 9528 3333 1653 5370 3959 8424 3525 1512 6464 7697 709 2200 9476 5240 8462 9992 4361
45 8671 6530 663 4529 7766 3812 6048 5983 5135 9798 2447 413 6010 4262 550 1284 6797 7586 3034 367 2702 6293 2803 1949 8112 1483 8270 312 526 970 5050 9890 4752 6199 925 1278 4953 5206 3991 2080 1122 6461 878 9432 9821
46 9099 1105 1183 8324 4522 1775 3031 3243 6124 6151 2111 8802 5247 694 3469 891 1960 2544 6841 424 8541 7252 3297 2611 2435 1347 4461 567 683 2489 6880 6213 5667 3213 9873 5999 6723 7401 791 8265 5552 6363 4315 2026 61 9624
47 9040 1413 261 790 7224 4943 8053 2011 9032 2857 7943 7014 7660 4705 360 7539 9803 4205 1013 9285 9743 98 4176 8032 1269 6548 5600 8042 3429 869 5046 7755 180 3602 7795 1726 7228 3454 4892 1134 7162 6410 2672 1897 3511 617 901
45 4372 6436 6143 967 9072 2359 4872 4919 6796 8251 427 479 6311 5344 8647 3856 4906 8620 2206 1159 9910 5616 847 9777 3253 9484 8965 7840 356 7576 473 9043 2896 3403 7356 1789 8024 2495 6175 9195 6600 8749 4847 4028 7339
45 4162 5472 863 779 303 8429 1245 9208 8171 5716 3857 8936 3722 9521 9759 7936 5239 6033 2191 962 8779 637 7458 1781 7507 8840 55 1141 9926 7855 7738 2285 5219 600 3162 7776 8348 6759 8861 8592 515 9794 9265 768 3646
46 9829 6751 1312 6295 8681 8599 4212 4151 3129 5833 9808 9453 1319 7011 9886 5681 2081 4413 1981 5621 4042 9508 7529 2904 8193 4985 7817 8479 1038 2749 2297 5506 5451 4927 1225 829 9673 8405 3961 1453 7447 9575 8494 3564 5134 3318
43 5186 940 4376 6438 9135 7051 732 2470 9543 4577 8773 12 9706 2561 8003 624 1681 4986 5789 1609 314 1511 2530 979 2343 9044 1662 7225 3649 8214 8794 4921 8578 1998 5283 4574 1153 4908 5605 229 2658 1642 1195
47 534 134 1541 240 437 3797 8386 2039 7355 8674 7146 4479 7926 9123 8884 9964 9079 458 4154 5185 6337 7405 5630 7961 7298 1021 1129 166 1216 7249 2108 8400 9726 3246 9705 8588 8753 1070 2587 8228 9626 6888 3807 4664 2192 73 844
43 8107 4656 8505 1435 6233 595 2333 8575 6899 8477 8121 9365 5280 5715 9818 8463 6998 5920 8832 6200 1943 4689 6245 1876 7847 9464 4103 2274 2315 6724 3063 1493 277 4190 2067 5543 3421 238 432 5009 3499 5859 9642
45 5429 4981 574 1460 5445 5628 2133 3834 2690 2443 7452 468 8257 999 2412 6046 1377 2242 7331 585 3688 3673 8039 7156 9589 6776 2409 3395 6620 6281 3715 6969 812 4895 2367 2526 8167 8822 8212 1152 6934 5523 1297 1224 8359
48 6470 1249 9407 470 7030 996 3880 2974 6064 1447 6003 9035 2197 7677 2338 293 9867 8949 5807 3311 4301 9173 3394 4775 1834 143 6324 6595 9472 3069 9864 6188 31 3298 778 5989 7547 4511 8856 5401 4608 9661 642 4391 4536 8948 5259 3658
45 9189 6719 2925 7165 4820 4509 3562 1759 3435 2308 6409 5438 2241 5696 5261 6986 1757 2022 9716 5538 4170 9170 5068 9022 9852 9532 4645 661 5272 8163 8651 5959 9679 8008 8728 3788 172 568 2972 4850 5049 1547 9470 918 9282
47 7725 7389 4424 9366 7203 8787 9741 6622 993 4274 9768 2003 3871 4076 7138 597 9900 7323 4996 1632 5615 7785 983 7105 2752 1412 6922 7687 6073 9237 6285 5874 2730 7716 3604 4456 8780 8531 2990 7743 5824 2747 3660 8913 1929 6475 5533
47 6264 4229 9780 2296 6035 7706 8526 6373 7669 7266 5223 8419 2647 108 9338 6656 7668 3694 2225 7121 4862 1743 9770 5918 8370 2984 548 4186 2008 2028 957 4126 8644 8475 4083 6164 2180 4357 2976 7059 8221 4279 4808 950 4619 8033 1889
45 9607 4821 1026 7694 8900 990 5568 4465 3083 49 3017 2959 4045 4457 2340 4603 4179 5814 2064 5463 3073 8544 5082 2310 912 4660 1101 4859 1945 7164 775 9211 154 8249 7340 8811 6458 9593 2732 8433 7994 3178 2536 7047 64
46 3050 2106 399 2434 7283 7235 7100 702 4631 3214 1873 5403 8616 1606 6743 5994 4687 4323 1222 9924 4666 6775 6950 1034 8863 1825 8944 6183 5655 7928 4286 244 6909 9379 6739 6869 8688 5145 6349 4869 9425 9326 1403 2148 5756 6807
45 9435 5246 5399 3366 4087 2750 3028 8617 9121 9380 8803 196 6244 755 7462 5337 504 4987 2014 5198 2970 9799 9740 2535 8084 1326 2676 9345 4210 3891 6076 8215 1473 5388 2540 371 6273 3657 6248 1040 8323 703 1968 9317 472
43 7479 631 6186 1114 2760 2070 449 9165 3546 7498 7513 8798 4755 5748 6826 247 120 5407 2185 545 7597 1366 4070 357 8229 2822 6135 4707 9586 2518 1964 5765 5818 4195 5205 7922 5940 6820 8307 4110 5182 2529 7041
45 8552 926 6402 2090 4287 3897 3821 9463 7873 9548 6277 5499 1905 9050 720 982 6321 9614 5085 5288 7239 3232 5820 4227 6051 9061 2362 4167 131 2525 2705 4805 1508 8127 7039 5101 8977 4621 8646 6166 3975 3548 152 8577 577
44 85 3164 1886 390 6212 3490 7210 5256 248 2638 1156 9200 4972 4992 7963 269 9094 2766 9739 9450 9511 4995 5679 259 5741 4342 4700 7793 4516 3749 3146 6827 6664 9779 6650 678 2694 2219 4865 3559 7028 1701 4553 8465
43 7771 1381 6985 5426 9969 6401 3534 8021 3434 443 9719 3850 2058 8372 2841 7607 7708 4455 3111 721 593 3818 2678 6013 5069 3842 377 7247 7418 5648 1500 7195 4861 9541 8027 9682 5688 1111 2764 2510 7304 9641 5558
48 6896 3787 8817 7973 1916 2150 78 517 4172 6117 7600 9001 2794 2253 426 5837 4209 6251 4713 8294 9667 4924 4964 4918 9620 9454 5839 9300 9108 5946 8940 2303 8785 233 4627 5942 542 1658 297 8668 7149 5097 3480 2254 9980 4140 5038 3582
46 6755 5941 3556 8925 7409 7534 7675 6142 2773 3594 6767 6563 6230 8542 4094 1574 6590 2314 6357 1042 3645 6701 3565 8565 1133 3720 3710 7127 4613 1425 8882 11 5064 6194 5733 7530 9576 8528 7040 6663 6104 7294 8663 7731 4380 3406
45 630 7813 1523 9957 2824 8844 6704 3094 6294 2865 2652 7679 4220 7158 4573 3320 4668 6454 7007 7368 1479 1368 9585 4335 3336 2099 4419 1563 8297 7828 643 3152 5637 3128 5801 4098 1270 8071 5903 5588 8415 5421 9912 5237 6895
47 6119 1591 4426 2128 8423 5244 5000 8909 2416 8867 394 8564 6787 4742 9205 5480 9184 816 2461 5153 9498 5469 5044 8097 8869 345 6766 9070 3963 9941 7333 9429 8717 1339 1811 4382 401 7836 3878 3227 6126 7189 5151 6432 7234 343 2060
46 7258 7715 9288 6972 4299 8922 9106 4784 3210 4980 4466 9268 3065 7579 3003 5123 7979 1537 6123 9600 1918 2161 7308 8132 7185 6187 8512 5447 7796 4237 3379 6648 1894 1468 7054 6525 6138 266 3583 4146 4345 9424 4428 321 5846 1835
45 3545 6630 9223 6121 6163 5333 1631 819 7624 9051 7360 8041 874 6144 1139 44 8489 5203 436 7220 1526 3632 7212 2934 3702 2725 8059 8639 8896 4795 1374 6352 8283 9183 6134 4787 3560 1790 9763 1969 8445 8676 9936 2498 147
47 6644 8375 1147 280 9996 1048 1076 4026 5737 7574 1810 6519 9788 1482 3082 9758 3051 6703 7509 1818 5233 741 997 7947 8828 7419 466 7142 5215 2863 2029 1877 7157 7672 6447 9357 5295 793 9153 4959 9718 7506 2052 1736 8026 794 5275
48 852 3190 7431 6498 5497 4575 2817 3346 4225 8224 1404 3196 6450 4781 8408 4005 2845 1798 9935 9301 9403 8665 1066 8349 2295 4610 8962 9083 576 6355 7752 7024 3262 5066 9359 3926 5614 6556 3841 7739 6844 6936 9468 5997 4867 1930 9030 7629
48 9855 1982 1694 5065 3019 8233 1695 311 7238 2586 8532 6545 6181 980 7481 4539 854 7909 838 4270 937 5585 8201 1731 1621 7913 915 6586 3052 2892 7581 9342 9258 4956 2616 2018 6394 698 8960 3100 4378 9054 5704 7003 5879 4983 2360 7171
47 4818 4476 2895 5880 421 1441 9005 1342 3503 5103 4871 8218 422 3002 7606 3228 1434 1315 5418 476 6643 4900 4403 842 7388 4202 758 7025 410 16 3719 9617 7018 2123 3647 3612 9922 7921 8222 8023 3467 4322 1256 682 6542 7657 5158
46 8100 9155 9681 3060 3062 300 2717 7952 8029 6496 7378 8720 9717 3522 4738 2774 2089 7469 7338 6478 6993 1192 9493 4905 7737 368 8487 5936 5883 552 2621 3611 3134 9713 3643 6722 4406 3303 9878 697 7465 2292 8202 1924 3859 2637
46 5440 4370 2336 6390 2947 206 814 8943 1738 5572 4785 5773 4963 1516 398 4358 9479 3001 8999 4698 1972 8569 2727 8498 9914 8384 1705 4524 1180 4347 4226 7163 1536 2033 3918 2275 1311 7427 5163 5475 3514 6733 415 7321 4767 1920
48 6074 2215 9686 6378 5192 6931 7954 9968 570 4505 8497 435 359 3581 8941 7972 7352 8726 8559 9373 8724 3894 5821 9526 936 5126 348 3201 5087 9052 5629 170 6566 3828 886 9497 4551 4520 6521 9596 145 7371 2059 9428 6928 2354 535 1426
45 7278 4017 418 651 8403 7844 8287 7827 4360 116 6814 7967 3479 5156 2074 7991 9631 1228 2453 914 6587 1337 2963 3873 2173 1209 7133 5227 1177 7977 7277 6202 2770 6218 9251 5665 6354 2546 5465 5759 1839 3900 907 4879 5863
46 6071 9948 9386 9954 1455 6813 8934 740 1372 7896 2082 7046 6804 5643 2985 1829 2771 3476 625 5945 3153 7396 9400 9363 9599 5106 1019 1654 8226 5803 4192 3231 590 4911 3589 3076 6611 6876 8548 6346 9894 899 1801 9601 1644 4501
46 2048 346 6057 5455 3884 8687 7446 8232 3067 8874 3119 136 9771 6058 5944 8520 3098 4059 5329 7346 8096 828 6462 1063 1354 8530 2030 2164 7782 5515 1487 9973 2942 3684 2222 4218 471 6793 7420 6516 9761 9078 8289 3587 105 4350
47 1379 8404 1227 1823 9547 7617 1399 7000 5609 1148 8696 2411 4876 8205 7732 9478 9134 3547 8579 3792 2762 9145 2777 8049 1466 7649 654 4282 8793 1993 302 6882 6536 8269 8051 783 9625 3654 3127 7915 5811 9441 4709 2342 3883 4878 3018
47 5961 906 4731 6847 1583 9064 6406 2969 9033 1601 3173 2854 7078 3464 210 3887 3475 2132 8958 258 581 1883 9504 1421 2709 6846 5330 2458 6286 7391 6278 7993 9712 8937 179 7088 5876 1472 1262 1445 5022 6223 4159 4178 4101 2046 8781
45 9502 8079 9987 165 9218 635 9727 8075 6579 1707 2277 5745 9693 8978 3687 7522 824 3908 393 3130 3835 7931 1112 2776 7199 667 1664 2131 1600 7770 5902 481 7211 8991 5142 9220 5526 256 3075 7456 6235 9581 2875 1623 8725
46 3248 7747 9542 9724 3139 3815 6577 8536 9017 1620 9461 2477 4736 1371 4248 4568 1971 4526 2178 6040 3985 1745 4033 5298 9618 2509 9520 2468 5626 9507 6465 4289 508 1033 7262 4068 3993 8583 4836 4155 1826 5912 3055 2130 5979 455
47 1247 2386 9518 8425 7727 2741 227 5754 7846 7244 3404 339 9002 4754 2194 5409 3264 7020 5772 5308 4486 6641 2491 2685 7099 2019 7261 2284 9248 7724 4669 6615 2377 1639 3309 2700 9182 9557 6112 9786 1841 3390 7037 8870 6783 4541 2527
44 6492 6893 87 9274 6583 1887 5376 6994 9239 3585 2580 2847 527 5978 4761 4638 1888 3882 7374 6381 6675 8850 5893 8627 32 4853 3898 4773 3855 1624 9793 2517 5738 6756 2140 8596 3494 686 3968 1914 8284 5311 5631 1912
45 9128 5439 7411 4502 4831 8077 8573 6697 2417 2576 9582 3848 4602 53 7186 6162 8460 4823 4515 6092 9983 9194 7263 6900 234 4216 6817 6333 9921 4512 2086 342 8339 7347 4937 8080 7109 7013 7695 561 500 6274 4266 3691 559
46 3778 7383 1794 583 1170 4797 1077 7130 1393 2104 1809 9059 1281 2024 4596 9174 9192 3677 4948 1940 5524 1676 6364 727 6045 3117 2813 2998 8317 6025 9299 8078 6976 4694 6055 5493 973 9474 176 133 4628 3504 3027 9140 4540 5714
50 4130 8363 2431 5598 7297 5799 8366 3533 8383 2198 4514 5025 861 3573 9869 3578 4469 9374 6514 1851 4548 2542 8012 3488 5617 3385 7395 8864 8002 7366 4014 1831 8967 5310 2271 6916 215 881 276 5868 2392 5766 9062 221 2488 9696 5601 8907 5932 1451
45 7135 2405 7499 4298 7911 4075 5826 7779 6982 7083 4851 1555 199 2683 4766 6009 6858 5933 8719 9107 4839 4235 4877 3382 7933 8551 4611 9321 9214 4812 9279 6835 3631 290 6864 5092 8426 2973 6920 3093 34 5213 203 3543 8263
44 4733 1461 6158 3727 7543 1125 7354 4118 2880 1291 4842 5886 8452 9324 5483 851 1944 8993 764 7108 580 9828 3904 8273 9102 4828 7816 981 8747 4788 4825 2372 5658 9490 3924 5360 3997 1538 5422 4902 4261 1074 5332 2607
45 3793 7756 2421 4889 6883 4396 8106 8388 5913 6897 1546 5594 798 4679 1567 7862 6597 434 114 4015 107 2861 2643 484 2504 6974 2691 6806 8670 8146 9594 5950 9117 1023 8959 1927 7560 4433 1458 5094 9764 1309 5048 9637 8690
47 5986 5650 96 5467 4400 2324 2006 1073 2199 2979 3949 2625 1304 4635 4629 4782 5739 2849 3852 4051 2214 1109 3159 4566 2912 5335 7604 795 3408 4473 3436 1589 2720 2951 1565 1975 4390 8847 5802 6995 4768 291 5668 9349 4893 4388 7834
47 232 2175 67 5442 3681 5685 5835 4398 1031 8976 8362 5284 2718 6551 4175 2345 3275 4339 8276 5847 6735 2955 2071 3748 9879 489 503 3384 1711 2829 9789 6801 6254 1898 7786 5338 1449 6098 1317 1197 5718 2838 2105 7390 1123 3206 2326
48 9689 5207 6761 2116 7093 3224 2449 916 7251 1836 8901 275 6747 3386 8710 4641 353 9622 8914 3221 6141 4144 3774 5970 3342 4532 3616 9897 5184 6467 2798 3145 4169 1203 713 9813 6726 2484 4269 7139 3447 2355 4474 4597 9647 2656 4435 3930
48 2836 175 9663 8767 7953 3701 6108 524 5026 4993 5265 5157 8409 7223 1003 5749 5357 5444 6060 2084 3718 3161 1572 6891 9558 3364 5810 8028 5114 1685 3669 1773 8258 8335 99 7580 6168 408 6067 5595 2779 2196 3234 1714 1327 9160 1860 9414
46 9068 5193 3869 4060 3203 6385 9193 4276 3440 1290 1219 1907 9670 4816 563 6081 5757 636 2007 8955 8669 6094 3956 9577 9997 316 3453 3254 5753 3124 7553 8211 1463 7749 5473 4352 4116 5934 1796 5318 647 3202 9995 7934 8969 4197
44 4495 3339 4326 9322 7974 5353 8584 537 575 7055 358 1193 8911 4351 6080 4452 6742 4581 1022 2784 6811 7764 7009 4667 3396 5486 9036 6860 3755 9008 65 6334 7960 7176 858 8158 1075 892 9073 8702 8255 6169 9306 6837
46 5003 8011 5148 8288 8174 1590 3452 5607 3849 4078 4994 2987 6699 2244 361 2788 2402 6075 1214 8130 6375 3743 2157 8256 4594 3912 9066 1087 3334 6070 8200 2249 9120 8259 1661 6689 7614 2613 4945 1846 587 7478 7324 656 3486 2902
44 370 423 155 3226 6109 6569 9011 1634 2280 8274 743 1199 610 5599 7893 1612 1478 6411 5871 8972 2708 3284 3187 873 2710 6968 9370 9409 5919 1967 6298 1166 6857 931 1357 9849 2076 2581 1784 5402 1673 7633 1014 9207
45 7329 4194 1117 2980 8230 1625 2550 3917 4811 6731 6426 2940 419 41 7523 5726 2790 7611 2916 3176 6113 1861 9393 7542 6421 8342 8360 8456 5293 2634 2441 8952 6557 525 4721 2281 7500 1072 2884 5127 1819 3907 6510 2327 9804
46 5798 1360 6365 4242 6379 6473 3131 6790 8626 9203 3765 9281 9856 4182 2272 2870 2083 8253 9923 7010 9928 7213 8511 3307 6099 6540 5365 9792 4620 1615 800 8161 1171 3006 9933 6988 313 7515 9628 5518 7303 6482 4654 2122 5377 1785
44 4622 565 2516 4198 6485 3012 4007 376 731 3296 20 2923 6629 9186 3437 6214 6240 670 1418 7379 9111 308 5496 2096 4856 9646 7172 8829 888 15 3487 7634 9084 5174 5574 3506 7082 6339 8244 2291 1525 6416 2049 1723
45 9004 8254 8590 4442 4585 3830 7899 1521 5352 3599 3491 8431 9291 7692 1158 7181 2035 1553 8094 5296 5125 1059 4063 7886 8247 2982 8054 2454 3058 897 7031 6031 5925 7205 4677 7096 3672 3527 2261 5128 6241 6509 5236 30 601
46 5670 9967 1137 8716 8814 787 640 9519 2649 5960 2964 6290 2 8983 6320 2761 1279 2688 189 4935 7 5973 8604 4387 9837 2594 9095 1198 4079 141 307 2207 3932 1474 7966 156 1164 6096 7646 7501 8990 4275 3698 149 3207 3260
45 975 8234 6167 3451 8266 1318 4909 5968 5470 8271 9674 1028 8374 1211 3744 8435 1355 6720 6914 3758 2165 6296 826 138 9731 8159 3251 2240 1948 609 821 1287 3045 2162 4708 2541 4440 4318 9058 7605 9318 2121 514 6736 8815
46 5034 1091 5633 9269 5314 5155 2891 4637 8009 3064 4951 5091 6300 7924 3325 1668 1157 4934 2604 895 330 5992 3426 8733 2433 9805 6647 8513 7742 6471 2632 9669 8015 6152 9216 8145 8280 3332 1987 3552 7444 9358 9825 8123 3768 7618
