9 492 2619 7078 7911 8468 1921 1541 1327 4884
12 7432 6129 3257 1947 6465 4144 2431 6323 1138 4671 8094 7871
11 5332 6521 9810 6563 2592 6575 8678 8418 3813 9984 6098
13 1269 7113 2269 8204 6793 9765 5306 7192 1757 5258 6118 7064 3551
14 5914 2812 6484 8251 7368 856 1142 7352 7457 787 3253 487 673 1960
12 5573 636 3020 7497 1341 5517 4752 6516 8987 8652 7864 8444
13 3751 3507 3552 1978 1685 6311 2032 351 6264 2050 4697 6268 7011
14 3252 9750 8632 8189 3758 687 9933 2124 3503 2110 5003 6108 2392 7725
11 9723 5533 5895 8978 756 4722 3042 2042 4693 7979 2296
7 8890 7275 5674 8743 6038 7942 3036
12 1022 9921 5000 5653 926 8374 1564 2364 9945 6736 444 5121
11 7913 6825 4573 5260 6717 3347 8576 9843 2682 4490 2929
13 8994 3334 415 5842 4991 2773 105 7705 1979 6898 9278 4656 9461
7 5071 7899 1559 101 5787 5433 7758
9 5226 1513 8672 3973 3180 6142 4159 9089 1453
10 641 2308 4772 984 9856 4349 1298 9130 4089 9127
8 8773 5864 6363 8740 7867 173 3600 9303
12 5444 6692 1087 9682 7191 2000 6792 207 3333 7709 40 6466
11 2297 1286 3805 4624 3829 1260 8624 5549 2098 5714 185
13 3870 5295 4530 592 7659 4080 2100 3118 5396 2676 2731 3204 9362
12 4329 6910 440 9672 6239 3527 5066 4705 9299 3642 2916 2999
12 7458 688 723 9943 928 3889 3637 8294 2703 1115 7931 3662
10 4646 5557 1346 7000 6220 7165 8512 6324 542 6625
11 311 4100 9760 4286 7023 2326 4715 1526 3271 2867 7187
13 7862 1736 6597 8341 288 6431 7478 259 4272 471 998 1710 7823
11 3708 1652 6416 1944 188 6765 4967 2381 7793 3525 640
13 1874 4181 7535 6616 4599 5098 633 54 3159 6945 7607 7669 6977
12 2448 1676 5197 7267 7588 3905 2970 5737 1258 6978 3947 5247
12 9914 894 5621 1918 8304 535 2836 2133 1868 4182 1519 9163
13 211 6665 4636 6850 1111 6669 3634 3322 3968 7667 3935 3607 8161
12 3362 3774 8239 194 2004 4561 4956 8016 4136 1495 6393 8868
12 6143 3693 320 5062 5664 80 7789 2324 2820 1715 4686 7743
9 8071 7314 1919 6633 267 3092 3613 397 3012
7 5982 8581 9989 8701 1987 9284 6557
8 3539 4412 3919 3284 5450 2287 634 1839
12 1529 2710 9585 2337 8006 4496 291 9552 1732 564 5836 3464
8 7632 6348 3323 7420 5284 6085 3796 3455
13 8553 3986 3055 6495 784 2406 3001 5221 2115 7960 5495 7512 1413
14 7379 7891 8830 712 8704 4123 4657 6089 481 1058 3759 8014 1149 7095
12 1206 1670 2125 7367 1561 6155 6410 5229 5282 8662 7309 595
12 6238 8028 8726 5152 7408 1860 1408 6545 4073 2131 6925 9912
11 1023 5141 9232 6301 5758 4314 3023 5485 1262 5793 127
12 1973 2343 9471 9153 7610 378 8585 4563 5159 1690 4371 2036
7 7227 4475 1049 2664 4030 6751 4683
12 6879 1763 6884 6247 3540 9869 1486 4176 869 9891 4001 4659
11 1319 9636 1940 2342 6032 6198 6617 4063 3559 5541 7304
13 5975 6200 6965 568 9100 5470 3571 4712 9815 8931 220 3528 4713
14 9489 8245 9848 6015 2998 1363 1225 3210 3046 8414 3609 6432 6752 3625
11 7025 2476 2549 8822 1705 6511 2192 9421 3356 482 7807
8 6527 8568 1409 2849 9053 9452 4184 3404
13 7972 3163 7711 9456 1144 5010 4934 3736 844 6250 425 9991 4767
12 8047 3030 6536 3216 2240 2889 9062 3469 3300 5831 4114 8380
10 3341 3755 2966 9453 6676 9170 9230 3790 5707 409
7 8670 2760 8413 5215 6606 7719 5116
12 2717 8722 2510 6794 5812 4820 8803 1795 9961 3485 3188 5349
15 4450 4629 486 6397 5556 588 6349 6409 8431 8808 9576 7351 7533 6949 8694
11 8184 6365 550 4152 5540 9653 9156 9143 424 7297 8190
8 7013 313 933 9273 8761 8126 7048 7168
13 1105 5858 2983 1538 539 3570 4972 772 6172 1307 5970 3248 6413
11 1140 8102 18 3090 7878 1537 3390 7390 990 1836 1570
13 5578 5437 3702 1333 3844 9211 5615 8665 4850 8922 9068 8595 3184
11 3147 8200 2172 1835 2546 8739 9336 9952 4060 9264 4239
11 2212 7957 9649 1772 1 1321 1679 5493 8329 7622 8778
11 1555 7280 5763 6046 9919 269 6976 2329 9454 4020 5469
12 9349 5950 6170 5994 3166 1553 9829 3591 7448 1779 1499 2517
8 1376 6060 8010 6936 9949 9847 1243 6849
11 4411 6430 5384 1462 6935 4965 2627 5126 2624 8842 3234
11 4829 9686 7816 2173 9599 2937 9501 2333 7320 4623 4911
11 1178 5255 2630 698 3737 6335 7731 2762 9431 3004 8417
8 6686 474 876 9512 1634 4757 1833 9064
8 7716 9138 3143 3395 7226 4556 2739 4242
7 9459 6514 5383 5156 9159 6064 1641
12 3381 5325 7198 2499 2670 2018 4162 6823 7461 5190 3174 9367
10 4011 7997 2071 1464 6042 1041 4133 2788 176 4341
14 2007 9436 1421 881 2805 212 488 8064 6132 5130 418 752 1599 489
13 5742 8139 1426 5171 4494 9615 2413 7265 5603 805 4906 6938 2236
12 4528 6197 9748 9578 9883 8767 33 4148 2702 3044 3029 7833
13 4948 9109 6845 7601 1322 7643 3060 8359 6224 6435 2744 648 3593
8 7678 81 1042 9831 8440 2538 2069 1993
12 8578 3325 6256 7926 8441 6603 4901 5572 448 7722 3186 3531
11 9044 7068 2876 9083 165 3478 8610 5893 4326 5712 2580
12 8571 249 9231 4507 2263 2819 4258 455 9119 7381 3597 8867
12 2951 1478 7050 400 9540 9058 5749 45 4142 4998 1942 5115
12 6031 2693 5064 4482 5094 6424 5505 2551 9839 4280 6044 1297
12 1015 1706 884 6645 3740 2680 6066 272 2016 4092 5971 330
7 5903 643 4977 3598 9790 3013 7801
13 8402 3580 7330 5294 8508 8534 7340 8909 2796 4387 2327 327 3567
10 1159 9090 3917 5401 1702 973 9465 1843 6368 9930
10 835 8373 2677 8237 3868 1473 5913 235 1908 912
13 2099 7483 6322 2495 1579 2790 2037 2964 3063 6313 7358 9395 7875
13 8758 3508 5561 4572 702 7490 6146 5610 2436 6121 79 1424 590
10 9360 3926 2026 6133 9267 2911 1802 5612 1694 7530
8 2053 7703 4252 1977 1320 2353 3119 7364
12 4317 2463 5635 6680 8564 3940 6445 1086 7943 9556 6653 5203
9 8727 9403 4812 8110 1568 7553 7710 8214 9191
12 9346 9563 946 7053 3368 377 601 3137 1765 9822 6805 2027
11 4868 1789 9385 4992 9026 4761 3510 5897 2686 2724 8277
14 4523 9999 4493 6226 680 9495 880 6229 3454 6578 3630 6559 4395 4605
12 1803 8950 8845 5330 8448 6473 707 3051 9583 3154 6408 2347
11 1546 879 6127 5877 7672 4468 9004 2514 3235 5579 3289
12 8330 7767 9257 9497 6602 6350 2380 4040 9555 4926 3985 2320
7 7468 1088 369 3427 2344 3898 355
12 5562 2171 3091 7836 4511 8009 1119 7446 6932 1915 1369 2443
10 2758 9301 1252 6154 3820 1073 5973 2230 2017 4957
10 5983 2747 7504 9505 4209 1969 5551 9314 8226 2374
10 3760 8038 7094 1347 8745 2498 8451 2148 593 6847
15 2359 613 7088 8490 622 446 9322 6035 850 9294 8483 4108 1457 5786 6984
12 5780 454 7146 1949 5223 4704 7577 515 4929 8954 65 6354
12 3696 6333 2695 7102 470 4220 9029 5054 7927 8943 6892 1093
13 1545 3298 7658 7363 6099 3229 2483 6729 6523 9040 7951 7162 6927
11 7613 318 5509 686 7521 8588 3387 7503 4996 4443 5364
12 8546 1821 1021 6399 5198 991 7516 223 2008 9031 3928 7584
9 8088 3311 1777 3867 6281 7459 254 674 4192
11 3225 4580 6244 7671 9580 774 6670 1446 1313 1475 2264
11 180 5851 8153 6582 8218 6999 5773 9024 8782 8608 9039
10 9515 1682 6225 6214 9081 4404 6530 6312 2332 2120
11 872 3833 7127 6966 1551 8525 9507 1359 3735 8343 8020
12 4483 6607 5158 2063 7393 8720 7903 205 5400 4244 8755 6802
10 1381 4709 507 2706 7747 822 2557 9534 3408 700
7 2718 5593 7978 607 9010 7027 6615
8 978 8762 198 6389 1176 8933 8615 5044
12 6912 3324 5597 9199 9402 3256 6112 9117 2225 9736 8827 6955
12 9359 5821 3439 7536 8885 2428 8339 994 428 4937 8271 6344
7 4887 7056 6503 8747 1393 4785 9399
12 7522 9289 4320 4172 2031 4931 5506 9652 1707 5500 1187 4426
12 666 7940 230 7342 4751 4773 5520 1283 2302 7902 6727 8477
10 8253 6904 47 323 7850 4942 9435 2311 9885 8877
10 7804 8048 7555 2637 1931 5279 1014 8053 9524 1622
8 8967 9503 4024 6874 5432 6624 3845 2755
12 1284 2678 2300 2283 5287 5174 3345 513 8786 8573 2928 5688
13 4420 6547 7438 8759 9784 9547 4762 477 510 6460 8141 2447 9688
8 306 3337 8614 5889 5185 565 4899 3523
11 3936 3530 5518 2338 2516 9607 9647 2057 1591 4079 7732
11 9249 6855 1229 189 2315 6355 3643 6962 1484 1383 1746
12 174 1040 7150 3138 9047 2251 7224 964 4134 1914 4615 988
15 3767 6499 3890 9880 4205 4281 2216 9513 3209 3533 5463 5618 2156 9656 9293
9 820 767 5017 9341 7956 6832 9097 75 7591
9 563 9613 7189 6009 3728 6309 2982 7560 7677
12 7383 408 4135 1481 6694 2774 2697 5900 1930 4826 6201 5354
11 9377 1289 7623 1744 2726 7727 348 196 9067 713 8221
13 8111 2502 9862 5887 4385 43 5248 1759 4542 150 5918 1990 9239
11 7015 5909 8819 4953 7157 4154 4807 9304 6276 1508 1448
12 5649 7119 5124 9478 762 4548 7872 4932 6131 2935 6230 6331
12 2430 5134 524 8342 7520 7101 153 8752 9123 5132 8716 1588
14 4390 39 4084 4802 9845 1108 14 7663 5489 9158 6145 7114 6054 7042
12 6090 9754 1666 2589 7720 1781 2765 9960 7496 9038 1606 3146
12 943 4191 8934 9160 8156 4274 8182 8870 2529 2378 7066 3972
14 7600 6319 8958 3742 3957 3731 3169 442 6342 5048 4351 8021 2087 8266
10 4818 3903 3227 4432 3864 2567 1364 1059 8293 808
14 1922 854 7930 2806 1077 1024 3211 614 6417 9493 6627 7651 3764 9711
11 4352 437 1842 3296 8820 6475 6191 5366 6788 8147 8580
12 4717 7373 8948 2491 5176 9270 9180 4230 1415 8274 3475 7863
12 5067 9541 6907 5662 141 3468 6041 5001 5063 5825 6903 8453
8 8563 8297 5491 1160 804 9908 8279 9665
13 3367 3246 3689 1102 9664 6405 5340 3619 2908 5090 9050 6023 8749
11 2866 9601 362 2893 6004 9484 3273 8032 8165 4747 6464
13 499 5954 3810 6644 3181 7259 7334 1613 7494 9002 1734 1195 3954
8 5441 7971 7989 5481 1689 9624 9731 6621
12 7075 8073 7037 7556 7627 1866 770 9721 1712 3034 8849 9728
11 7809 1016 8718 6543 1703 788 9996 6157 6677 4938 8405
14 3705 1776 4177 3433 813 2561 1755 9135 8836 4335 1995 6117 9487 5420
12 9740 1411 935 6259 4174 9894 825 3158 9220 8246 4990 3310
8 6321 8080 9895 4968 4071 7134 5708 3549
12 9693 3635 1992 2645 1094 393 5952 8233 5896 3692 6577 7597
10 3207 2411 5334 2933 5232 5338 3494 9661 7993 9896
13 9449 1713 8077 5008 268 3537 7436 134 8391 5654 9575 8265 4332
12 2015 7609 9687 4877 4510 2310 322 5327 9587 1986 9625 4961
12 4736 262 6340 4069 3703 9739 8097 9849 5146 8332 4409 4202
14 8433 9372 5377 1893 9621 9648 3398 5820 8971 3434 3359 1241 5630 9689
12 3824 7097 6724 285 8561 1525 7031 708 9129 5827 6812 9302
14 7108 594 1416 1936 1180 5652 2416 2907 1126 6561 5416 42 1368 2271
10 2939 9055 8024 2204 8522 690 8078 9594 987 2691
9 6377 4005 7142 870 5166 1296 7686 847 2652
10 1067 5705 2070 8619 9147 5084 9324 1877 9373 5596
13 2486 8606 3850 8029 8986 4074 382 3651 4157 916 9445 4406 8154
10 9824 1422 5794 4952 4586 3791 1773 8354 2492 6851
12 7355 9735 2214 5738 1280 9899 9307 7274 7472 4766 6456 9268
9 3358 4727 7193 6768 8270 3429 2512 8058 7690
12 5886 4438 6297 8509 8609 3911 93 1939 3811 1594 9681 7629
13 4604 9920 3655 8061 985 3081 2527 6262 7344 293 5018 4403 2485
12 1785 8119 1385 2075 3134 9708 5962 2426 7426 8663 6070 1251
11 3608 4249 7934 8284 1219 3776 5425 9103 2289 4116 6180
10 3578 7844 2021 7859 2815 1875 498 7479 5386 9772
8 2384 71 7706 7513 2530 7318 8659 1700
9 5480 6072 7498 9065 7488 8806 5031 1962 5743
14 1194 1427 2166 6564 3990 3611 8526 216 3771 4915 6402 4416 2119 2778
12 8719 9021 1808 1847 4380 8023 6873 1362 7919 9154 9266 1981
10 4557 6740 5373 553 1813 5316 3730 6555 2666 8579
13 9579 3389 6480 5604 2132 324 5819 4984 5648 5257 317 1078 2194
8 7581 5828 8851 3393 3122 4872 1396 8017
11 368 3027 5346 3492 2754 1358 8529 4645 5202 8964 5095
13 4065 3145 6995 6622 7988 9381 4687 1654 2629 1625 339 5331 3750
12 6583 4559 7650 7510 6678 2462 1891 3327 5599 556 5409 1869
10 8711 4465 6 6868 9102 4622 8395 4298 9051 5623
9 2660 5669 6251 1831 9057 8353 9422 2209 7046
12 4520 2112 5910 2768 5502 4857 2608 7668 5361 4322 9046 3465
12 7109 3312 8240 7380 6306 6972 5650 3835 8108 380 9366 6164
12 8788 9840 624 657 156 7994 1026 5690 3015 3526 664 9713
14 6600 549 3008 6477 6124 7782 2162 4768 4971 717 9561 6869 6961 9762
8 4941 4275 6596 7558 4362 4166 4112 5995
10 1000 7561 5532 8207 376 336 6672 1406 6304 6176
8 1855 6518 3852 8657 6302 5955 5978 2714
12 3088 2851 8215 8538 8633 647 7452 9112 7010 2550 2675 2540
14 3161 5679 8996 3536 5479 548 6550 5840 3788 3125 1028 645 2883 1281
13 7362 9663 8881 1209 5949 5430 5844 2722 9745 2968 5930 5362 3644
15 1695 8290 8031 8099 2056 2470 9833 6125 412 965 904 361 8379 5953 9867
11 7482 1751 1882 6567 7557 9464 7115 9827 7425 163 6314
8 6753 6320 5484 8843 7762 5632 5186 9214
12 1844 6581 8086 1542 7210 1456 4169 6279 6824 7375 3206 4974
12 7760 8340 5404 1659 6630 3548 6580 3259 511 4441 8866 2435
10 2528 7753 1819 7392 3280 7028 2827 1946 4328 8393
10 4793 3515 1554 2729 3794 2740 3719 1487 2730 7201
7 7110 5658 3293 5405 9192 2401 4368
11 5059 1959 7630 8902 9398 4608 297 5703 3245 1775 4770
12 9251 6509 2735 2330 8998 7387 5118 4207 3168 1794 8314 976
11 8000 9744 7059 6104 1204 6566 8082 456 3802 8587 7388
14 2709 1459 3438 952 8201 957 8469 4612 4238 6065 9582 2111 8557 4848
12 4588 6914 1512 3699 5801 604 6594 8536 8790 1735 2948 9118
8 2418 9609 7285 7080 8295 1129 9987 4363
12 2346 4068 438 8923 1492 3441 6303 7718 694 6683 7386 5339
10 5091 4476 4358 4004 9364 9105 3407 4540 8460 8556
12 9520 2649 2556 8940 7657 5486 5747 1071 4479 3599 199 5011
13 3086 6548 2759 3848 6160 2376 6611 5378 3975 2234 1805 4461 1982
12 5513 5140 1709 7450 8121 5178 1899 6529 5097 1905 6232 718
8 6517 9072 763 3213 7047 1797 289 6449
13 4138 3516 9548 3519 8565 9861 2167 3681 6148 4995 6722 6654 8650
14 6834 3739 129 4175 76 4862 8459 7589 3700 6759 5753 3506 2060 2107
9 4027 4811 3014 2246 3690 9205 7729 3865 1937
11 2265 4419 6158 5080 497 2196 7164 1604 8492 4183 7427
13 3614 9462 9474 8900 2923 3338 4799 312 6380 6922 9460 9358 2903
13 5281 9519 5168 1430 8107 938 5151 8150 2127 4983 3281 7230 29
12 3861 5317 3320 7316 4072 5136 5816 7154 7968 7945 9958 6147
13 9550 8661 2480 4012 243 4436 4173 7682 5559 9890 3686 2855 5992
12 9910 3809 6173 7768 6674 2844 3031 2444 1098 1737 82 7202
12 9019 264 5350 7195 5762 921 1806 5736 8959 8072 6531 8516
13 873 5382 494 5021 6062 7277 7233 1976 9660 9082 915 4421 6119
8 4471 5997 4042 4539 1384 730 8299 6183
12 9252 8975 3277 8995 3952 8840 1092 9675 8007 9508 2126 714
13 5985 1131 8999 3371 722 538 7884 5684 1858 1788 3595 217 9194
12 1061 5498 5164 2684 6974 5465 2144 4691 8370 6929 1760 4904
12 8192 9804 9588 1033 179 7633 7634 8122 8272 4825 5005 1913
12 4417 1118 1533 8188 5471 2382 6822 656 3074 6135 7999 8263
13 6515 605 776 1889 2096 8447 6877 8618 7802 8384 9801 4256 4700
12 7621 1356 8949 9376 2894 8848 8641 2872 1090 6951 4120 6188
13 3272 5891 3430 5811 5138 7036 2742 3173 4141 242 5312 1853 4664
13 7196 8982 4744 7713 8473 2474 5580 9542 9998 4666 1390 5754 4353
12 5371 693 6217 1007 2247 7337 6512 1749 3592 8715 6269 7794
7 2736 6245 654 919 1436 3481 9455
14 4836 5721 9229 3633 1046 8389 1474 4364 8623 5184 8700 1754 8693 3422
13 9864 8679 4950 9608 5898 9179 8335 4147 8879 3167 944 1770 2373
14 1037 1433 4763 258 155 3056 582 9798 6059 5634 8260 7992 7523 2539
12 2620 6222 8935 7788 7986 7518 4570 8432 3965 3394 115 4592
13 7464 1439 7329 4235 8622 8104 1923 1515 5859 1518 8489 3904 2685
13 310 8886 6614 6075 5626 2922 9030 1879 5582 5201 4087 4254 9673
11 9868 8348 2857 3594 3682 559 883 7397 2917 8507 6648
9 8227 5717 9444 6820 4532 8962 6318 3563 5640
7 4796 4939 6766 4626 5099 5928 7328
11 4679 4500 5693 1034 367 7585 7754 7057 3941 3071 8235
12 1998 6382 9966 301 5322 8056 5622 3219 7070 1837 3114 3449
8 7948 9253 5238 5087 6134 2830 6979 4388
13 4070 5711 620 2128 3363 3603 5268 1816 5108 187 9904 2577 2350
7 3202 3297 7742 5590 5167 1975 8349
14 23 6911 3278 2454 2698 6817 8249 3354 6901 3199 9056 8160 3142 4168
12 5979 1442 4925 5683 7546 4973 143 7130 1628 2025 6267 1859
12 923 2593 5734 977 8113 4431 3022 8917 10 3264 9178 3005
13 4321 6647 5639 4107 4231 651 2003 8653 8505 4759 5686 5359 7477
13 4644 6988 7924 6462 4140 1645 4366 6895 9677 2596 9946 1556 4649
11 1626 1316 2782 6053 3752 3980 2277 8658 7906 6989 6661
12 7655 6076 3330 5211 4854 8298 4758 7614 3343 5236 2002 4963
12 1190 3964 5394 8458 9295 8224 7917 7923 2879 2886 1636 502
11 2445 7599 1582 4672 2881 2793 3221 5925 918 6202 2034
11 7575 1642 8115 435 8411 7241 5946 4914 9394 8584 8540
13 5969 742 4122 6562 21 9741 8904 8162 3749 2270 8195 5035 4477
12 9763 3135 1615 9714 962 6880 2612 7136 839 5733 5030 5105
14 9451 4052 137 905 3733 8667 4212 8167 8199 2763 9457 7009 5016 777
12 6403 4214 4415 6725 3959 6241 9124 2926 7460 9037 2244 2987
9 7433 864 257 4029 8893 7247 4701 4733 3187
10 364 8809 4900 1878 2852 450 8206 2500 1166 3754
11 8968 4830 4078 5830 6917 902 8426 5761 7430 6447 9281
12 7444 4405 5920 3179 1303 6634 7741 4835 6051 2587 2716 447
9 1399 8520 9042 979 6535 5049 1954 6571 8264
12 3230 995 7784 8892 7090 6325 1096 3612 6020 829 567 9670
13 2412 9048 7176 1428 4753 4054 4940 6720 4748 3487 1153 5671 8286
13 2669 5307 3315 4015 5461 7071 8947 8004 9935 2466 5324 140 3914
11 6960 6801 5426 4824 7174 3442 1590 5644 7918 7268 340
12 7061 3778 3624 6501 8838 6087 6947 4245 9290 6506 8142 7970
8 1339 9897 9175 4333 5724 1569 7882 8699
11 1246 8815 7410 2155 8837 3718 4852 353 7100 5474 1664
10 1817 7152 3779 4345 6249 1085 4344 9791 7880 9052
13 8422 2977 6894 3676 5847 7194 6056 2061 5117 4976 8259 15 8172
11 766 5589 1216 9084 441 9092 9363 4088 3220 9410 1238
8 3560 3104 2370 4924 6756 6775 780 9176
9 8824 5343 3472 4210 6782 7290 28 1627 5375
11 6252 3178 5868 1663 5103 4025 7235 3910 3547 4516 8875
11 2177 4435 9313 4433 9755 849 2931 226 1181 929 1334
13 4467 388 1285 631 579 9903 3900 1199 5106 8753 737 2083 3268
13 4325 2481 5348 5222 26 8344 9787 8365 6875 8011 1214 7625 2503
13 7990 799 6362 6699 1699 4082 4401 996 6037 9140 7941 2078 8388
12 1563 6541 9658 5815 4730 3680 3679 5941 5173 3041 3191 1520
16 3028 6208 7528 8035 6560 7947 6274 5320 6452 2407 2548 9977 4221 3482 8945 875
7 2573 3265 7736 8953 2991 7173 8643
10 4469 7680 2509 561 4224 2121 6899 8532 1933 2215
11 3729 6520 3232 6887 4808 1697 2134 5687 445 6696 9157
13 9418 7835 5883 4228 6102 1565 6248 7121 9718 1655 5544 2976 7455
13 3709 1610 4819 5809 3512 6412 9697 652 2792 1535 5945 7847 9593
10 8306 4373 6755 4381 9216 2783 4365 6554 7466 7626
10 5991 2954 4678 2795 898 8019 6242 4158 1112 2262
12 8878 8895 6540 4051 464 5961 2478 9448 9764 6284 5193 2835
13 6610 9702 3292 5250 6946 3409 7892 1394 6093 9819 4754 461 2672
13 6744 3388 4127 7579 148 3017 1267 1536 2940 8247 7038 3384 9221
11 6190 9737 558 6282 6019 3431 9151 7665 1299 1137 6294
13 3638 9528 9245 9184 8566 9152 2524 7799 3992 8721 8500 3524 3171
9 6544 7815 5531 1764 303 4423 9353 9699 3313
11 7147 1560 9071 8292 427 7399 5516 6626 9939 2888 8651
13 1208 1586 8357 7699 5608 2461 6840 5810 8839 4551 7255 9780 5904
13 9530 3557 5570 1056 6618 3453 1864 1814 6178 16 1573 120 7456
15 384 7239 6298 3669 831 2902 6384 9567 5536 7563 8355 8258 1308 8300 936
8 2591 819 750 748 8729 3223 6831 3783
13 4301 8397 5732 9726 8936 4648 4442 764 3117 3792 167 5078 4964
14 5919 3111 2615 3566 432 4584 2405 9238 6420 2198 5912 8345 5698 8055
12 218 2582 1721 1132 4840 1925 2599 5960 6141 9389 4985 106
12 89 379 2882 6830 2487 5980 6212 3853 9645 5496 2769 4845
11 9925 6735 9924 4735 7051 1479 3066 4842 3120 9206 2186
14 908 6441 4774 8356 2523 5457 685 828 1651 7813 528 3782 6003 314
13 2981 9569 600 3620 7707 7524 1780 8095 6631 3050 7697 5357 1310
9 3647 2825 3445 1867 7062 1397 8323 6406 9657
12 7909 8278 7733 7744 2178 706 315 6790 8927 1047 57 6864
12 7346 2777 1970 1367 3773 1282 6513 146 7996 2299 6953 8409
14 5254 8792 9865 209 6687 8464 5241 4614 6074 6958 5414 5052 1466 1756
13 4838 4255 9836 5412 3688 1323 1074 5563 354 2915 2488 3826 9761
13 7122 5147 3685 7811 2822 3496 1895 1064 3079 6848 3019 9970 6359
11 1778 350 1849 967 7904 9379 2203 5024 4595 1961 1311
13 6745 9509 3061 9929 8471 815 5161 2379 6165 2049 2415 3704 7181
15 5245 9985 3887 8780 4823 6381 2749 6761 3360 2602 3632 951 5933 8944 5482
10 9954 4470 533 2451 9821 2334 4119 1871 9374 5104
9 1135 852 874 6010 580 2088 5581 3953 4628
8 9287 940 2284 5379 3714 3018 8551 1020
7 1880 2147 9668 736 2439 2507 6346
8 2176 4043 1253 4639 9581 1927 5845 4647
12 8599 5813 2074 5782 3432 9878 9321 8325 7800 4066 8864 3113
10 8965 5169 78 7248 6078 6859 8083 9814 6663 7403
11 7284 251 5272 6291 1342 5 7065 5628 8728 629 1845
12 240 5296 1186 7688 7775 7962 1747 3949 8322 4503 3303 5381
13 7506 576 4913 8857 734 4779 3748 3476 959 6096 753 8193 5870
13 1002 6913 6889 8334 8231 6769 1435 4128 8821 5937 2011 9061 3822
11 7779 2237 609 8481 7069 1213 8281 6169 9054 9441 2553
8 7206 684 911 6113 3590 2258 7980 4658
12 6591 4337 8493 6470 1623 6994 7898 1432 5633 2534 574 855
12 9913 4022 9011 8906 5934 2136 375 5730 9973 3738 5363 9167
14 2944 4361 7635 97 7511 2285 2091 7673 6426 8503 1240 9255 4292 1791
14 7376 9600 4936 8254 4121 4788 7296 8437 6819 5345 3471 1013 9458 346
12 2288 9258 2858 2142 4832 5977 1156 4481 9225 3176 2019 7675
12 7773 7929 3116 5908 2668 2715 4876 8757 4232 9553 1221 950
12 7684 2191 5391 1354 5660 8914 4240 1769 1811 9236 201 970
11 5478 4058 1009 4000 4204 7143 2123 3849 7288 3856 8051
10 476 8913 5181 744 6773 6688 4003 3640 7434 8238
10 6039 25 9826 4340 6184 4198 7954 5370 9447 402
8 2887 9076 1423 298 1766 1786 8127 4472
14 7453 9732 7952 9533 2642 9338 5431 5237 4355 4447 6787 8487 5501 1724
14 1143 798 2896 3722 8702 7757 8158 1005 4577 116 7846 843 9439 1830
11 773 3504 7125 1051 3006 9380 8387 5756 696 4928 5143
12 719 8244 726 4844 6795 9639 7749 2993 2354 2869 6474 9333
10 3654 867 8862 3502 1060 6028 3558 3413 5751 3899
12 4949 7519 7020 871 6371 8331 5374 5917 7343 5750 8137 1672
11 3827 7153 1326 1524 9586 7842 6300 3629 164 9700 9906
13 4048 4810 8430 1400 3741 4261 6228 4815 7291 2877 5019 2001 8784
12 1027 584 6387 1228 73 7250 3374 6243 4309 1380 4311 8057
11 9803 9463 5326 9770 8888 247 284 4427 6942 7413 6376
13 4006 3650 8230 9644 9788 1935 9901 7252 8248 5624 9807 392 1095
9 9121 5802 1365 6481 8731 8275 7017 4208 9638
11 9483 8173 1431 2433 7295 5785 5976 6657 7228 1025 5286
14 768 3694 457 4698 3828 2984 8798 6576 8081 2154 1231 5092 1904 9676
13 9049 807 7501 8394 6152 9997 4846 5638 5661 1490 3447 5577 8741
10 8596 8946 9146 2840 5053 6427 6013 1304 9630 4455
14 389 229 9817 6114 5072 2122 6116 1818 3304 2865 4947 5745 6883 3194
8 9927 8319 2809 4720 5823 3426 6106 4651
14 8605 2654 4898 329 7476 1660 6482 4668 8774 34 4367 2986 8640 3818
11 7347 8929 1035 8194 7467 3205 7437 8785 6991 5625 3215
12 2751 6150 6327 5365 8170 5834 6572 6891 8937 3766 2249 3966
12 6463 5646 332 4439 6662 4635 3222 5829 5530 8687 2323 1472
13 1956 0 1177 493 5637 8410 5850 2995 8475 3927 2850 2518 3687
10 8730 9986 7319 1273 2473 6681 5689 3825 6221 8307
12 3291 8793 7679 7014 2202 2936 191 9751 4339 4061 3998 4673
9 3321 589 5293 6928 1646 495 1957 6235 271
11 5553 31 183 9756 836 5676 1350 4049 4675 6161 5598
12 1344 7771 8202 5020 1894 4600 669 252 6886 1688 1300 7183
13 1018 7662 8276 4569 5475 7229 8825 8065 3419 9909 4680 4193 727
7 7325 2298 1768 1371 3102 5993 3099
10 1192 4492 7182 4150 7700 6014 8598 161 4538 6203
14 3288 6207 5344 4241 9397 360 2368 8412 7830 1991 1239 1787 9535 7983
11 5968 7218 1854 3396 6287 8063 7763 13 7693 5314 2564
11 9186 1562 5776 210 8506 816 6526 2653 4017 8903 4117
12 1114 6293 9642 2092 9659 578 1722 7756 2052 7790 4302 7282
11 3491 7854 5376 3534 4716 1983 8302 5070 4284 4269 8510
12 3193 8070 5764 7200 7019 2690 8805 3136 505 9275 860 7881
13 6018 6762 4863 9392 8549 8666 2694 2913 6537 1377 8586 334 3376
13 233 7534 948 8620 8891 5380 6813 2609 8179 5088 7416 889 305
10 8303 7778 4379 4625 2811 9978 9619 2572 8229 4640
13 2541 8326 581 1633 8828 7242 4603 6679 947 9964 3076 1414 5107
11 1146 789 1113 35 5347 6005 5298 3448 9834 2184 2946
